<?xml version="1.0" encoding="UTF-8"?>
<!-- Generated by org.testng.reporters.JUnitXMLReporter -->
<testsuite hostname="Computer-PC" name="Default test" tests="6" failures="0" timestamp="29 Aug 2016 10:38:18 GMT" time="0.209" errors="0">
  <testcase name="@BeforeTest setUp" time="0.0" classname="test.Login_test">
    <failure type="org.testng.TestNGException" message="
Parameter &amp;apos;browser&amp;apos; is required by @Configuration on method setUp but has not been marked @Optional or defined
in C:\Users\Computer\AppData\Local\Temp\testng-eclipse--1093806843\testng-customsuite.xml">
      <![CDATA[org.testng.TestNGException: 
Parameter 'browser' is required by @Configuration on method setUp but has not been marked @Optional or defined
in C:\Users\Computer\AppData\Local\Temp\testng-eclipse--1093806843\testng-customsuite.xml
	at org.testng.internal.Parameters.createParameters(Parameters.java:154)
	at org.testng.internal.Parameters.createParameters(Parameters.java:361)
	at org.testng.internal.Parameters.createConfigurationParameters(Parameters.java:84)
	at org.testng.internal.Invoker.invokeConfigurations(Invoker.java:201)
	at org.testng.internal.Invoker.invokeConfigurations(Invoker.java:142)
	at org.testng.TestRunner.beforeRun(TestRunner.java:656)
	at org.testng.TestRunner.run(TestRunner.java:624)
	at org.testng.SuiteRunner.runTest(SuiteRunner.java:366)
	at org.testng.SuiteRunner.runSequentially(SuiteRunner.java:361)
	at org.testng.SuiteRunner.privateRun(SuiteRunner.java:319)
	at org.testng.SuiteRunner.run(SuiteRunner.java:268)
	at org.testng.SuiteRunnerWorker.runSuite(SuiteRunnerWorker.java:52)
	at org.testng.SuiteRunnerWorker.run(SuiteRunnerWorker.java:86)
	at org.testng.TestNG.runSuitesSequentially(TestNG.java:1244)
	at org.testng.TestNG.runSuitesLocally(TestNG.java:1169)
	at org.testng.TestNG.run(TestNG.java:1064)
	at org.testng.remote.AbstractRemoteTestNG.run(AbstractRemoteTestNG.java:126)
	at org.testng.remote.RemoteTestNG.initAndRun(RemoteTestNG.java:152)
	at org.testng.remote.RemoteTestNG.main(RemoteTestNG.java:57)
]]>
    </failure>
  </testcase> <!-- @BeforeTest setUp -->
  <testcase name="@AfterTest tearDown" time="0.0" classname="test.Login_test">
    <skipped/>
  </testcase> <!-- @AfterTest tearDown -->
  <testcase name="Email_and_pass_null" time="0.016" classname="test.Login_test">
    <skipped/>
  </testcase> <!-- Email_and_pass_null -->
  <testcase name="Email_invalid" time="0.003" classname="test.Login_test">
    <skipped/>
  </testcase> <!-- Email_invalid -->
  <testcase name="Pass_too_short" time="0.003" classname="test.Login_test">
    <skipped/>
  </testcase> <!-- Pass_too_short -->
  <testcase name="Pass_always_right" time="0.003" classname="test.Login_test">
    <skipped/>
  </testcase> <!-- Pass_always_right -->
  <testcase name="Account_unauthenticated" time="0.005" classname="test.Login_test">
    <skipped/>
  </testcase> <!-- Account_unauthenticated -->
  <testcase name="Login_successful" time="0.003" classname="test.Login_test">
    <skipped/>
  </testcase> <!-- Login_successful -->
</testsuite> <!-- Default test -->
